02/09/2013 19:57:14 Connexion de Anthony COUE
02/09/2013 19:57:57 La modification de la page cotisation a été prise en compte par Anthony COUE
02/09/2013 19:58:55 La modification de la page horaire a été prise en compte par Anthony COUE
02/09/2013 19:59:16 La modification de la discipline AIKIDO a été prise en compte.
02/09/2013 20:00:38 La modification de la discipline IAIDO a été prise en compte.
02/09/2013 20:01:34 La modification de la discipline JU-JITSU a été prise en compte.
02/09/2013 20:02:46 La modification de la discipline JUDO a été prise en compte.
02/09/2013 20:03:33 La modification de la discipline KENDO a été prise en compte.
02/09/2013 20:04:23 La modification de la discipline TAISO a été prise en compte.
02/09/2013 20:18:05 Connexion de Anthony COUE
02/09/2013 20:20:32 La modification de la page lien a été prise en compte par Anthony COUE
02/09/2013 20:21:02 Connexion de Anthony COUE
02/09/2013 20:21:37 La modification de la page contact a été prise en compte par Anthony COUE
02/09/2013 20:35:16 Deconnexion de Anthony COUE
03/09/2013 20:32:35 Connexion de Anthony COUE
09/09/2013 21:50:19 Connexion de Anthony COUE
09/09/2013 22:08:10 La modification de la page horaire a été prise en compte par Anthony COUE
09/09/2013 22:47:13 Deconnexion de Anthony COUE
20/09/2013 20:56:49 ok
20/09/2013 20:56:49 ok sortie
24/09/2013 20:33:16 Enregistrement de l'utilisateur Arthur Lambert
24/09/2013 20:40:23 Newsletter - Enregistrement de l'utilisateur Arthur Lambert
24/09/2013 20:46:08 Newsletter - Enregistrement de l'utilisateur Arthur Lambert
24/09/2013 20:46:18 Erreur dans l'inscription de Arthur Lambert
24/09/2013 20:59:27 Erreur dans l'envoie du mail
24/09/2013 20:59:27 Newsletter - Erreur dans l'envoie du mail à anthony.coue@gmail.com
24/09/2013 21:06:32 Erreur dans l'envoie du mail
24/09/2013 21:06:32 Newsletter - Erreur dans l'envoie du mail à anthony.coue@gmail.com
24/09/2013 21:23:51 Erreur dans l'envoie du mail
24/09/2013 21:23:51 Newsletter - Erreur dans l'envoie du mail à anthony.coue@gmail.com
