05/10/2013 13:37:47 Connexion de Anthony COUE
05/10/2013 14:04:48 Connexion de Anthony COUE
05/10/2013 15:14:38 Connexion de Anthony COUE
06/10/2013 19:18:56 Connexion de Anthony COUE
06/10/2013 19:19:13 La modification de la newsletter 1 a été prise en compte.
06/10/2013 21:12:03 La modification de l'article 1 de la newsletter  a été prise en compte.
06/10/2013 21:14:47 La modification de l'article 1 de la newsletter  a été prise en compte.
06/10/2013 21:15:07 La modification de la newsletter 1 a été prise en compte.
06/10/2013 21:15:18 La modification de l'article 1 de la newsletter  a été prise en compte.
06/10/2013 21:17:00 La modification de l'article 1 de la newsletter  a été prise en compte.
06/10/2013 21:17:41 La modification de la newsletter 1 a été prise en compte.
06/10/2013 21:19:58 Deconnexion de Anthony COUE
09/10/2013 20:12:24 Connexion de Anthony COUE
09/10/2013 20:40:09 L'ajout de l'article Test Ajout a été prise en compte
09/10/2013 20:41:32 Erreur dans l'ajout de l'article Test Ajout avec image par Anthony COUE
09/10/2013 21:04:23 Erreur dans l'ajout de l'article Septembre test 2013 par Anthony COUE
09/10/2013 21:25:27 Erreur dans l'ajout de l'article Test Ajout avec image 2 par Anthony COUE
09/10/2013 21:31:24 Erreur dans l'ajout de l'article Test Ajout avec image 23 par Anthony COUE
09/10/2013 21:35:22 L'ajout de l'article Test Ajout avec image 29 a été prise en compte
09/10/2013 21:38:49 L'ajout de l'article Test Ajout avec image 2678 a été prise en compte
09/10/2013 21:40:52 Deconnexion de Anthony COUE
10/10/2013 20:23:25 Connexion de Anthony COUE
10/10/2013 20:24:34 La modification de l'article 1 de la newsletter  a été prise en compte.
10/10/2013 20:25:07 La modification de l'article 5 de la newsletter  a été prise en compte.
10/10/2013 21:15:07 Connexion de Anthony COUE
10/10/2013 21:15:49 Deconnexion de Anthony COUE
